Using pre-set license
Built from '2021.3/staging' branch; Version is '2021.3.19f1 (c9714fde33b6) revision 13201743'; Using compiler version '192829333'; Build Type 'Release'
OS: 'Windows 11  (10.0.22621) 64bit Professional' Language: 'es' Physical Memory: 16217 MB
BatchMode: 1, IsHumanControllingUs: 0, StartBugReporterOnCrash: 0, Is64bit: 1, IsPro: 1

COMMAND LINE ARGUMENTS:
C:\Program Files\Unity\Hub\Editor\2021.3.19f1\Editor\Unity.exe
-adb2
-batchMode
-noUpm
-name
AssetImportWorker3
-projectPath
C:/Users/nito/Documents/GitHub/ADV_Unity_CS/My project
-logFile
Logs/AssetImportWorker3.log
-srvPort
59906
Successfully changed project path to: C:/Users/nito/Documents/GitHub/ADV_Unity_CS/My project
C:/Users/nito/Documents/GitHub/ADV_Unity_CS/My project
[UnityMemory] Configuration Parameters - Can be set up in boot.config
    "memorysetup-bucket-allocator-granularity=16"
    "memorysetup-bucket-allocator-bucket-count=8"
    "memorysetup-bucket-allocator-block-size=33554432"
    "memorysetup-bucket-allocator-block-count=8"
    "memorysetup-main-allocator-block-size=16777216"
    "memorysetup-thread-allocator-block-size=16777216"
    "memorysetup-gfx-main-allocator-block-size=16777216"
    "memorysetup-gfx-thread-allocator-block-size=16777216"
    "memorysetup-cache-allocator-block-size=4194304"
    "memorysetup-typetree-allocator-block-size=2097152"
    "memorysetup-profiler-bucket-allocator-granularity=16"
    "memorysetup-profiler-bucket-allocator-bucket-count=8"
    "memorysetup-profiler-bucket-allocator-block-size=33554432"
    "memorysetup-profiler-bucket-allocator-block-count=8"
    "memorysetup-profiler-allocator-block-size=16777216"
    "memorysetup-profiler-editor-allocator-block-size=1048576"
    "memorysetup-temp-allocator-size-main=16777216"
    "memorysetup-job-temp-allocator-block-size=2097152"
    "memorysetup-job-temp-allocator-block-size-background=1048576"
    "memorysetup-job-temp-allocator-reduction-small-platforms=262144"
    "memorysetup-temp-allocator-size-background-worker=32768"
    "memorysetup-temp-allocator-size-job-worker=262144"
    "memorysetup-temp-allocator-size-preload-manager=33554432"
    "memorysetup-temp-allocator-size-nav-mesh-worker=65536"
    "memorysetup-temp-allocator-size-audio-worker=65536"
    "memorysetup-temp-allocator-size-cloud-worker=32768"
    "memorysetup-temp-allocator-size-gi-baking-worker=262144"
    "memorysetup-temp-allocator-size-gfx=262144"
Player connection [21968] Host "[IP] 192.168.1.128 [Port] 0 [Flags] 2 [Guid] 3548310528 [EditorId] 3548310528 [Version] 1048832 [Id] WindowsEditor(7,DESKTOP-KE3U178) [Debug] 1 [PackageName] WindowsEditor [ProjectName] Editor" joined multi-casting on [225.0.0.222:54997]...

Player connection [21968] Host "[IP] 192.168.1.128 [Port] 0 [Flags] 2 [Guid] 3548310528 [EditorId] 3548310528 [Version] 1048832 [Id] WindowsEditor(7,DESKTOP-KE3U178) [Debug] 1 [PackageName] WindowsEditor [ProjectName] Editor" joined alternative multi-casting on [225.0.0.222:34997]...

Refreshing native plugins compatible for Editor in 84.10 ms, found 3 plugins.
Preloading 0 native plugins for Editor in 0.00 ms.
Initialize engine version: 2021.3.19f1 (c9714fde33b6)
[Subsystems] Discovering subsystems at path C:/Program Files/Unity/Hub/Editor/2021.3.19f1/Editor/Data/Resources/UnitySubsystems
[Subsystems] Discovering subsystems at path C:/Users/nito/Documents/GitHub/ADV_Unity_CS/My project/Assets
GfxDevice: creating device client; threaded=0; jobified=0
Direct3D:
    Version:  Direct3D 11.0 [level 11.1]
    Renderer: NVIDIA GeForce RTX 3060 Ti (ID=0x2489)
    Vendor:   NVIDIA
    VRAM:     8038 MB
    Driver:   31.0.15.2802
Initialize mono
Mono path[0] = 'C:/Program Files/Unity/Hub/Editor/2021.3.19f1/Editor/Data/Managed'
Mono path[1] = 'C:/Program Files/Unity/Hub/Editor/2021.3.19f1/Editor/Data/MonoBleedingEdge/lib/mono/unityjit-win32'
Mono config path = 'C:/Program Files/Unity/Hub/Editor/2021.3.19f1/Editor/Data/MonoBleedingEdge/etc'
Using monoOptions --debugger-agent=transport=dt_socket,embedding=1,server=y,suspend=n,address=127.0.0.1:56084
Begin MonoManager ReloadAssembly
Registering precompiled unity dll's ...
Register platform support module: C:/Program Files/Unity/Hub/Editor/2021.3.19f1/Editor/Data/PlaybackEngines/WindowsStandaloneSupport/UnityEditor.WindowsStandalone.Extensions.dll
Registered in 0.003018 seconds.
Native extension for WindowsStandalone target not found
Refreshing native plugins compatible for Editor in 81.38 ms, found 3 plugins.
Preloading 0 native plugins for Editor in 0.00 ms.
Mono: successfully reloaded assembly
- Completed reload, in  0.517 seconds
Domain Reload Profiling:
	ReloadAssembly (518ms)
		BeginReloadAssembly (54ms)
			ExecutionOrderSort (0ms)
			DisableScriptedObjects (0ms)
			BackupInstance (0ms)
			ReleaseScriptingObjects (0ms)
			CreateAndSetChildDomain (1ms)
		EndReloadAssembly (379ms)
			LoadAssemblies (52ms)
			RebuildTransferFunctionScriptingTraits (0ms)
			SetupTypeCache (81ms)
			ReleaseScriptCaches (0ms)
			RebuildScriptCaches (21ms)
			SetupLoadedEditorAssemblies (237ms)
				LogAssemblyErrors (0ms)
				InitializePlatformSupportModulesInManaged (6ms)
				SetLoadedEditorAssemblies (0ms)
				RefreshPlugins (81ms)
				BeforeProcessingInitializeOnLoad (1ms)
				ProcessInitializeOnLoadAttributes (112ms)
				ProcessInitializeOnLoadMethodAttributes (36ms)
				AfterProcessingInitializeOnLoad (0ms)
				EditorAssembliesLoaded (0ms)
			ExecutionOrderSort2 (0ms)
			AwakeInstancesAfterBackupRestoration (0ms)
Platform modules already initialized, skipping
Registering precompiled user dll's ...
Registered in 0.004508 seconds.
Begin MonoManager ReloadAssembly
Symbol file LoadedFromMemory doesn't match image C:\Users\nito\Documents\GitHub\ADV_Unity_CS\My project\Library\PackageCache\com.unity.visualscripting@1.8.0\Editor\VisualScripting.Core\Dependencies\YamlDotNet\Unity.VisualScripting.YamlDotNet.dll
Symbol file LoadedFromMemory doesn't match image C:\Users\nito\Documents\GitHub\ADV_Unity_CS\My project\Library\PackageCache\com.unity.visualscripting@1.8.0\Editor\VisualScripting.Core\Dependencies\DotNetZip\Unity.VisualScripting.IonicZip.dll
Native extension for WindowsStandalone target not found
Refreshing native plugins compatible for Editor in 84.35 ms, found 3 plugins.
Preloading 0 native plugins for Editor in 0.00 ms.
Mono: successfully reloaded assembly
- Completed reload, in  0.969 seconds
Domain Reload Profiling:
	ReloadAssembly (970ms)
		BeginReloadAssembly (86ms)
			ExecutionOrderSort (0ms)
			DisableScriptedObjects (5ms)
			BackupInstance (0ms)
			ReleaseScriptingObjects (0ms)
			CreateAndSetChildDomain (17ms)
		EndReloadAssembly (789ms)
			LoadAssemblies (61ms)
			RebuildTransferFunctionScriptingTraits (0ms)
			SetupTypeCache (214ms)
			ReleaseScriptCaches (1ms)
			RebuildScriptCaches (45ms)
			SetupLoadedEditorAssemblies (432ms)
				LogAssemblyErrors (0ms)
				InitializePlatformSupportModulesInManaged (3ms)
				SetLoadedEditorAssemblies (0ms)
				RefreshPlugins (84ms)
				BeforeProcessingInitializeOnLoad (80ms)
				ProcessInitializeOnLoadAttributes (191ms)
				ProcessInitializeOnLoadMethodAttributes (69ms)
				AfterProcessingInitializeOnLoad (4ms)
				EditorAssembliesLoaded (0ms)
			ExecutionOrderSort2 (0ms)
			AwakeInstancesAfterBackupRestoration (5ms)
Platform modules already initialized, skipping
========================================================================
Worker process is ready to serve import requests
Launched and connected shader compiler UnityShaderCompiler.exe after 0.04 seconds
Refreshing native plugins compatible for Editor in 0.60 ms, found 3 plugins.
Preloading 0 native plugins for Editor in 0.00 ms.
Unloading 4706 Unused Serialized files (Serialized files now loaded: 0)
Unloading 31 unused Assets / (0.7 MB). Loaded Objects now: 5162.
Memory consumption went from 189.5 MB to 188.7 MB.
Total: 2.670000 ms (FindLiveObjects: 0.279400 ms CreateObjectMapping: 0.138600 ms MarkObjects: 2.007800 ms  DeleteObjects: 0.243300 ms)

AssetImportParameters requested are different than current active one (requested -> active):
  custom:video-decoder-ogg-theora: a1e56fd34408186e4bbccfd4996cb3dc -> 
  custom:container-muxer-webm: aa71ff27fc2769a1b78a27578f13a17b -> 
  custom:container-demuxer-webm: 4f35f7cbe854078d1ac9338744f61a02 -> 
  custom:video-encoder-webm-vp8: eb34c28f22e8b96e1ab97ce403110664 -> 
  custom:audio-encoder-webm-vorbis: bf7c407c2cedff20999df2af8eb42d56 -> 
  custom:framework-win-MediaFoundation: 216162199b28c13a410421893ffa2e32 -> 
  custom:container-demuxer-ogg: 62fdf1f143b41e24485cea50d1cbac27 -> 
  custom:video-decoder-webm-vp8: 9c59270c3fd7afecdb556c50c9e8de78 -> 
  custom:audio-decoder-ogg-vorbis: bf7c407c2cedff20999df2af8eb42d56 -> 
========================================================================
Received Prepare
Refreshing native plugins compatible for Editor in 3.00 ms, found 3 plugins.
Preloading 0 native plugins for Editor in 0.00 ms.
Unloading 24 Unused Serialized files (Serialized files now loaded: 0)
Unloading 24 unused Assets / (0.7 MB). Loaded Objects now: 5162.
Memory consumption went from 89.0 MB to 88.3 MB.
Total: 2.445800 ms (FindLiveObjects: 0.280600 ms CreateObjectMapping: 0.148400 ms MarkObjects: 1.788500 ms  DeleteObjects: 0.227700 ms)

AssetImportParameters requested are different than current active one (requested -> active):
  custom:video-decoder-ogg-theora: a1e56fd34408186e4bbccfd4996cb3dc -> 
  custom:container-muxer-webm: aa71ff27fc2769a1b78a27578f13a17b -> 
  custom:container-demuxer-webm: 4f35f7cbe854078d1ac9338744f61a02 -> 
  custom:video-encoder-webm-vp8: eb34c28f22e8b96e1ab97ce403110664 -> 
  custom:audio-encoder-webm-vorbis: bf7c407c2cedff20999df2af8eb42d56 -> 
  custom:framework-win-MediaFoundation: 216162199b28c13a410421893ffa2e32 -> 
  custom:SearchIndexIgnoredProperties: e643bd26f0fe6173181afceb89e7c659 -> 
  custom:container-demuxer-ogg: 62fdf1f143b41e24485cea50d1cbac27 -> 
  custom:video-decoder-webm-vp8: 9c59270c3fd7afecdb556c50c9e8de78 -> 
  custom:audio-decoder-ogg-vorbis: bf7c407c2cedff20999df2af8eb42d56 -> 
========================================================================
Received Import Request.
  Time since last request: 3995.633718 seconds.
  path: Assets/Settings/URP-HighFidelity-Renderer.asset
  artifactKey: Guid(c40be3174f62c4acf8c1216858c64956) Importer(2089858483,0ecaa5967403d082aa24f35e1b516d23)
Start importing Assets/Settings/URP-HighFidelity-Renderer.asset using Guid(c40be3174f62c4acf8c1216858c64956) Importer(2089858483,0ecaa5967403d082aa24f35e1b516d23) Generated GUIDs only implemented for interfaces!
 -> (artifact id: 'c7d123ff93eac0c767ae2708b4d11296') in 0.162094 seconds 
========================================================================
Received Import Request.
  Time since last request: 54.045368 seconds.
  path: Assets/chest/textures/M_Chest_Reinforcment_metallic.jpeg
  artifactKey: Guid(637ec1f6c380e964eb754f02da21e7fe) Importer(815301076,1909f56bfc062723c751e8b465ee728b)
Start importing Assets/chest/textures/M_Chest_Reinforcment_metallic.jpeg using Guid(637ec1f6c380e964eb754f02da21e7fe) Importer(815301076,1909f56bfc062723c751e8b465ee728b)  -> (artifact id: 'adda6695c758693c78d8e962667a0890') in 0.048468 seconds 
========================================================================
Received Import Request.
  Time since last request: 0.000038 seconds.
  path: Assets/chest/textures/M_Chest_Wood_AO.jpeg
  artifactKey: Guid(1821125fcfe765f46821169031ae2f23) Importer(815301076,1909f56bfc062723c751e8b465ee728b)
Start importing Assets/chest/textures/M_Chest_Wood_AO.jpeg using Guid(1821125fcfe765f46821169031ae2f23) Importer(815301076,1909f56bfc062723c751e8b465ee728b)  -> (artifact id: '7aaec6f3d4e2904e033bf1cb1d4b5101') in 0.010734 seconds 
========================================================================
Received Import Request.
  Time since last request: 262.333061 seconds.
  path: Packages/com.unity.render-pipelines.universal/Shaders/BakedLitForwardPass.hlsl
  artifactKey: Guid(70003ec87ea6481a920369a377c1b623) Importer(815301076,1909f56bfc062723c751e8b465ee728b)
Start importing Packages/com.unity.render-pipelines.universal/Shaders/BakedLitForwardPass.hlsl using Guid(70003ec87ea6481a920369a377c1b623) Importer(815301076,1909f56bfc062723c751e8b465ee728b)  -> (artifact id: 'd9b7bc1b6544ce9ae4448bf886b60d2f') in 0.009834 seconds 
========================================================================
Received Import Request.
  Time since last request: 0.000036 seconds.
  path: Packages/com.unity.render-pipelines.universal/Shaders/BakedLitMetaPass.hlsl
  artifactKey: Guid(f31bf343921b848fa8e5cde15f1dbaab) Importer(815301076,1909f56bfc062723c751e8b465ee728b)
Start importing Packages/com.unity.render-pipelines.universal/Shaders/BakedLitMetaPass.hlsl using Guid(f31bf343921b848fa8e5cde15f1dbaab) Importer(815301076,1909f56bfc062723c751e8b465ee728b)  -> (artifact id: '67fc1c2ad8b06215e5b022fc5d10f527') in 0.006647 seconds 
========================================================================
Received Import Request.
  Time since last request: 0.000024 seconds.
  path: Packages/com.unity.render-pipelines.universal/Shaders/SimpleLitGBufferPass.hlsl
  artifactKey: Guid(5f8cea4f4fce7414ab78bcbf51dca71c) Importer(815301076,1909f56bfc062723c751e8b465ee728b)
Start importing Packages/com.unity.render-pipelines.universal/Shaders/SimpleLitGBufferPass.hlsl using Guid(5f8cea4f4fce7414ab78bcbf51dca71c) Importer(815301076,1909f56bfc062723c751e8b465ee728b)  -> (artifact id: '9efa1c0ce4be3ee5ad0cf9fedcc04c88') in 0.005809 seconds 
========================================================================
Received Import Request.
  Time since last request: 0.000017 seconds.
  path: Packages/com.unity.render-pipelines.universal/Shaders/UnlitForwardPass.hlsl
  artifactKey: Guid(574332cc54d34b3b96cd214f5febe833) Importer(815301076,1909f56bfc062723c751e8b465ee728b)
Start importing Packages/com.unity.render-pipelines.universal/Shaders/UnlitForwardPass.hlsl using Guid(574332cc54d34b3b96cd214f5febe833) Importer(815301076,1909f56bfc062723c751e8b465ee728b)  -> (artifact id: '020a68670c995332d865e4b5d28a5e2c') in 0.007377 seconds 
========================================================================
Received Import Request.
  Time since last request: 0.000031 seconds.
  path: Packages/com.unity.render-pipelines.universal/Shaders/LitInput.hlsl
  artifactKey: Guid(c46f85bf266d7496d9b3659acfbdc711) Importer(815301076,1909f56bfc062723c751e8b465ee728b)
Start importing Packages/com.unity.render-pipelines.universal/Shaders/LitInput.hlsl using Guid(c46f85bf266d7496d9b3659acfbdc711) Importer(815301076,1909f56bfc062723c751e8b465ee728b)  -> (artifact id: '0fe4a783b6f77fafd0be33031337171c') in 0.006571 seconds 
========================================================================
Received Import Request.
  Time since last request: 0.000020 seconds.
  path: Packages/com.unity.render-pipelines.universal/Shaders/UnlitInput.hlsl
  artifactKey: Guid(e7ba75cc852b14b7f934978b5697bf1b) Importer(815301076,1909f56bfc062723c751e8b465ee728b)
Start importing Packages/com.unity.render-pipelines.universal/Shaders/UnlitInput.hlsl using Guid(e7ba75cc852b14b7f934978b5697bf1b) Importer(815301076,1909f56bfc062723c751e8b465ee728b)  -> (artifact id: 'b797785d867a2174803039fef3d1b430') in 0.005375 seconds 
========================================================================
Received Import Request.
  Time since last request: 0.000022 seconds.
  path: Packages/com.unity.render-pipelines.universal/Shaders/UnlitDepthNormalsPass.hlsl
  artifactKey: Guid(ce8b43269e26f4263ac0da53665264b9) Importer(815301076,1909f56bfc062723c751e8b465ee728b)
Start importing Packages/com.unity.render-pipelines.universal/Shaders/UnlitDepthNormalsPass.hlsl using Guid(ce8b43269e26f4263ac0da53665264b9) Importer(815301076,1909f56bfc062723c751e8b465ee728b)  -> (artifact id: 'fc44f6ce55097eb953b53fb3bb1b226d') in 0.005312 seconds 
========================================================================
Received Import Request.
  Time since last request: 0.000021 seconds.
  path: Packages/com.unity.render-pipelines.universal/Shaders/Lit.shader
  artifactKey: Guid(933532a4fcc9baf4fa0491de14d08ed7) Importer(815301076,1909f56bfc062723c751e8b465ee728b)
Start importing Packages/com.unity.render-pipelines.universal/Shaders/Lit.shader using Guid(933532a4fcc9baf4fa0491de14d08ed7) Importer(815301076,1909f56bfc062723c751e8b465ee728b)  -> (artifact id: 'a6a53fadc1a9de84de351cc3f91f4178') in 0.007493 seconds 
========================================================================
Received Import Request.
  Time since last request: 0.000044 seconds.
  path: Packages/com.unity.render-pipelines.universal/Shaders/UnlitMetaPass.hlsl
  artifactKey: Guid(138efaf7fb432134da44d5a4981a62ad) Importer(815301076,1909f56bfc062723c751e8b465ee728b)
Start importing Packages/com.unity.render-pipelines.universal/Shaders/UnlitMetaPass.hlsl using Guid(138efaf7fb432134da44d5a4981a62ad) Importer(815301076,1909f56bfc062723c751e8b465ee728b)  -> (artifact id: '08fb9dfaa2055a485c25ced4f7a028ea') in 0.005880 seconds 
========================================================================
Received Import Request.
  Time since last request: 0.000019 seconds.
  path: Packages/com.unity.render-pipelines.universal/Shaders/LitGBufferPass.hlsl
  artifactKey: Guid(92673cbb58cac8e4d8b5d044ce912dd8) Importer(815301076,1909f56bfc062723c751e8b465ee728b)
Start importing Packages/com.unity.render-pipelines.universal/Shaders/LitGBufferPass.hlsl using Guid(92673cbb58cac8e4d8b5d044ce912dd8) Importer(815301076,1909f56bfc062723c751e8b465ee728b)  -> (artifact id: 'd39f2dce94485dc86933252754028c61') in 0.005601 seconds 
========================================================================
Received Import Request.
  Time since last request: 0.000030 seconds.
  path: Packages/com.unity.render-pipelines.universal/Shaders/SimpleLitDepthNormalsPass.hlsl
  artifactKey: Guid(a63ccbef6bed14464a35b8a62ee9b775) Importer(815301076,1909f56bfc062723c751e8b465ee728b)
Start importing Packages/com.unity.render-pipelines.universal/Shaders/SimpleLitDepthNormalsPass.hlsl using Guid(a63ccbef6bed14464a35b8a62ee9b775) Importer(815301076,1909f56bfc062723c751e8b465ee728b)  -> (artifact id: 'b7334329c72b2b75ddf93b5a9c69c537') in 0.005864 seconds 
========================================================================
Received Import Request.
  Time since last request: 0.000035 seconds.
  path: Packages/com.unity.render-pipelines.universal/Shaders/DepthNormalsPass.hlsl
  artifactKey: Guid(b76d45ea333b2a049bc45c5328ef3e7c) Importer(815301076,1909f56bfc062723c751e8b465ee728b)
Start importing Packages/com.unity.render-pipelines.universal/Shaders/DepthNormalsPass.hlsl using Guid(b76d45ea333b2a049bc45c5328ef3e7c) Importer(815301076,1909f56bfc062723c751e8b465ee728b)  -> (artifact id: '7ba07b4e5368863d2f6b1ac9be8a7d51') in 0.006286 seconds 
========================================================================
Received Import Request.
  Time since last request: 94.018329 seconds.
  path: Assets/chest/source/model/Materials/M_Chest_Wood_albedo.mat
  artifactKey: Guid(c791bd77d038c7147a682d2e24919547) Importer(2089858483,0ecaa5967403d082aa24f35e1b516d23)
Start importing Assets/chest/source/model/Materials/M_Chest_Wood_albedo.mat using Guid(c791bd77d038c7147a682d2e24919547) Importer(2089858483,0ecaa5967403d082aa24f35e1b516d23) Generated GUIDs only implemented for interfaces!
 -> (artifact id: '84c79eaf60593059efda46699bfd8fab') in 0.031210 seconds 
========================================================================
Received Import Request.
  Time since last request: 145.145930 seconds.
  path: Assets/chest/source/model/Materials/M_Chest_Reinforcment_roughness.mat
  artifactKey: Guid(1ff2c12f33d70324abb5ace5891ae558) Importer(2089858483,0ecaa5967403d082aa24f35e1b516d23)
Start importing Assets/chest/source/model/Materials/M_Chest_Reinforcment_roughness.mat using Guid(1ff2c12f33d70324abb5ace5891ae558) Importer(2089858483,0ecaa5967403d082aa24f35e1b516d23) Generated GUIDs only implemented for interfaces!
 -> (artifact id: '94140a1477fef144585414f41969b735') in 0.019321 seconds 
========================================================================
Received Import Request.
  Time since last request: 8.513851 seconds.
  path: Assets/chest/source/model/textures/M_Chest_Wood_normal.png
  artifactKey: Guid(342f9933ce5258c40bc42b836d9b12e6) Importer(2089858483,0ecaa5967403d082aa24f35e1b516d23)
Start importing Assets/chest/source/model/textures/M_Chest_Wood_normal.png using Guid(342f9933ce5258c40bc42b836d9b12e6) Importer(2089858483,0ecaa5967403d082aa24f35e1b516d23) Generated GUIDs only implemented for interfaces!
 -> (artifact id: 'a5656d6b561c7131b90605c263ad2098') in 0.027129 seconds 
========================================================================
Received Import Request.
  Time since last request: 947.993281 seconds.
  path: Assets/chest/Chest Variant.prefab
  artifactKey: Guid(e722333a9fdef7646a103649468c6514) Importer(2089858483,0ecaa5967403d082aa24f35e1b516d23)
Start importing Assets/chest/Chest Variant.prefab using Guid(e722333a9fdef7646a103649468c6514) Importer(2089858483,0ecaa5967403d082aa24f35e1b516d23) Generated GUIDs only implemented for interfaces!
 -> (artifact id: '4fb0caffffbc895ee9621f51d36db4e1') in 0.014365 seconds 
========================================================================
Received Import Request.
  Time since last request: 350.830570 seconds.
  path: Assets/chest/Chest.controller
  artifactKey: Guid(9744e895bf216844184199ef6165d22f) Importer(2089858483,0ecaa5967403d082aa24f35e1b516d23)
Start importing Assets/chest/Chest.controller using Guid(9744e895bf216844184199ef6165d22f) Importer(2089858483,0ecaa5967403d082aa24f35e1b516d23) Generated GUIDs only implemented for interfaces!
 -> (artifact id: '536e76182d11e7260ee9afb7c4e8a406') in 0.008229 seconds 
========================================================================
Received Import Request.
  Time since last request: 328.668523 seconds.
  path: Assets/Scenes/First Practice.unity
  artifactKey: Guid(99c9720ab356a0642a771bea13969a05) Importer(2089858483,0ecaa5967403d082aa24f35e1b516d23)
Start importing Assets/Scenes/First Practice.unity using Guid(99c9720ab356a0642a771bea13969a05) Importer(2089858483,0ecaa5967403d082aa24f35e1b516d23) Generated GUIDs only implemented for interfaces!
 -> (artifact id: '921b565e8029d678a0b7f4cdbdae6d22') in 0.006614 seconds 
========================================================================
Received Import Request.
  Time since last request: 112.336359 seconds.
  path: Assets/chest/Chest (1).controller
  artifactKey: Guid(7d736dbc1260cb943bc668b28bedc27f) Importer(2089858483,0ecaa5967403d082aa24f35e1b516d23)
Start importing Assets/chest/Chest (1).controller using Guid(7d736dbc1260cb943bc668b28bedc27f) Importer(2089858483,0ecaa5967403d082aa24f35e1b516d23) Generated GUIDs only implemented for interfaces!
 -> (artifact id: '60c2a1c1be1dddb02951349ef6091a85') in 0.007286 seconds 
========================================================================
Received Import Request.
  Time since last request: 834.407280 seconds.
  path: Assets/chest/minianimationchest.anim
  artifactKey: Guid(4886abcc69345a04ca2d61fc122ee38c) Importer(2089858483,0ecaa5967403d082aa24f35e1b516d23)
Start importing Assets/chest/minianimationchest.anim using Guid(4886abcc69345a04ca2d61fc122ee38c) Importer(2089858483,0ecaa5967403d082aa24f35e1b516d23) Generated GUIDs only implemented for interfaces!
 -> (artifact id: 'c9e4a32bd34e42f1fc8e3c8d1adc0da7') in 0.012785 seconds 
========================================================================
Received Import Request.
  Time since last request: 229.361236 seconds.
  path: Assets/chest/Chest 1.controller
  artifactKey: Guid(1cb6ef21b548cda418ed1a7fc0c81605) Importer(2089858483,0ecaa5967403d082aa24f35e1b516d23)
Start importing Assets/chest/Chest 1.controller using Guid(1cb6ef21b548cda418ed1a7fc0c81605) Importer(2089858483,0ecaa5967403d082aa24f35e1b516d23) Generated GUIDs only implemented for interfaces!
 -> (artifact id: '89ff1b31c928a903747d3998187b4247') in 0.007216 seconds 
========================================================================
Received Import Request.
  Time since last request: 493.464187 seconds.
  path: Assets/chest/sss.anim
  artifactKey: Guid(fce39d8b9b05de141b31c5a20a9decc7) Importer(2089858483,0ecaa5967403d082aa24f35e1b516d23)
Start importing Assets/chest/sss.anim using Guid(fce39d8b9b05de141b31c5a20a9decc7) Importer(2089858483,0ecaa5967403d082aa24f35e1b516d23) Generated GUIDs only implemented for interfaces!
 -> (artifact id: 'f96092cd1eb5086fd7e0d2082b640de2') in 0.009047 seconds 
