Using pre-set license
Built from '2021.3/staging' branch; Version is '2021.3.19f1 (c9714fde33b6) revision 13201743'; Using compiler version '192829333'; Build Type 'Release'
OS: 'Windows 11  (10.0.22621) 64bit Professional' Language: 'es' Physical Memory: 16217 MB
BatchMode: 1, IsHumanControllingUs: 0, StartBugReporterOnCrash: 0, Is64bit: 1, IsPro: 1

COMMAND LINE ARGUMENTS:
C:\Program Files\Unity\Hub\Editor\2021.3.19f1\Editor\Unity.exe
-adb2
-batchMode
-noUpm
-name
AssetImportWorker4
-projectPath
C:/Users/nito/Documents/GitHub/ADV_Unity_CS/My project
-logFile
Logs/AssetImportWorker4.log
-srvPort
59906
Successfully changed project path to: C:/Users/nito/Documents/GitHub/ADV_Unity_CS/My project
C:/Users/nito/Documents/GitHub/ADV_Unity_CS/My project
[UnityMemory] Configuration Parameters - Can be set up in boot.config
    "memorysetup-bucket-allocator-granularity=16"
    "memorysetup-bucket-allocator-bucket-count=8"
    "memorysetup-bucket-allocator-block-size=33554432"
    "memorysetup-bucket-allocator-block-count=8"
    "memorysetup-main-allocator-block-size=16777216"
    "memorysetup-thread-allocator-block-size=16777216"
    "memorysetup-gfx-main-allocator-block-size=16777216"
    "memorysetup-gfx-thread-allocator-block-size=16777216"
    "memorysetup-cache-allocator-block-size=4194304"
    "memorysetup-typetree-allocator-block-size=2097152"
    "memorysetup-profiler-bucket-allocator-granularity=16"
    "memorysetup-profiler-bucket-allocator-bucket-count=8"
    "memorysetup-profiler-bucket-allocator-block-size=33554432"
    "memorysetup-profiler-bucket-allocator-block-count=8"
    "memorysetup-profiler-allocator-block-size=16777216"
    "memorysetup-profiler-editor-allocator-block-size=1048576"
    "memorysetup-temp-allocator-size-main=16777216"
    "memorysetup-job-temp-allocator-block-size=2097152"
    "memorysetup-job-temp-allocator-block-size-background=1048576"
    "memorysetup-job-temp-allocator-reduction-small-platforms=262144"
    "memorysetup-temp-allocator-size-background-worker=32768"
    "memorysetup-temp-allocator-size-job-worker=262144"
    "memorysetup-temp-allocator-size-preload-manager=33554432"
    "memorysetup-temp-allocator-size-nav-mesh-worker=65536"
    "memorysetup-temp-allocator-size-audio-worker=65536"
    "memorysetup-temp-allocator-size-cloud-worker=32768"
    "memorysetup-temp-allocator-size-gi-baking-worker=262144"
    "memorysetup-temp-allocator-size-gfx=262144"
Player connection [12112] Host "[IP] 192.168.1.128 [Port] 0 [Flags] 2 [Guid] 3160699433 [EditorId] 3160699433 [Version] 1048832 [Id] WindowsEditor(7,DESKTOP-KE3U178) [Debug] 1 [PackageName] WindowsEditor [ProjectName] Editor" joined multi-casting on [225.0.0.222:54997]...

Player connection [12112] Host "[IP] 192.168.1.128 [Port] 0 [Flags] 2 [Guid] 3160699433 [EditorId] 3160699433 [Version] 1048832 [Id] WindowsEditor(7,DESKTOP-KE3U178) [Debug] 1 [PackageName] WindowsEditor [ProjectName] Editor" joined alternative multi-casting on [225.0.0.222:34997]...

Refreshing native plugins compatible for Editor in 84.41 ms, found 3 plugins.
Preloading 0 native plugins for Editor in 0.00 ms.
Initialize engine version: 2021.3.19f1 (c9714fde33b6)
[Subsystems] Discovering subsystems at path C:/Program Files/Unity/Hub/Editor/2021.3.19f1/Editor/Data/Resources/UnitySubsystems
[Subsystems] Discovering subsystems at path C:/Users/nito/Documents/GitHub/ADV_Unity_CS/My project/Assets
GfxDevice: creating device client; threaded=0; jobified=0
Direct3D:
    Version:  Direct3D 11.0 [level 11.1]
    Renderer: NVIDIA GeForce RTX 3060 Ti (ID=0x2489)
    Vendor:   NVIDIA
    VRAM:     8038 MB
    Driver:   31.0.15.2802
Initialize mono
Mono path[0] = 'C:/Program Files/Unity/Hub/Editor/2021.3.19f1/Editor/Data/Managed'
Mono path[1] = 'C:/Program Files/Unity/Hub/Editor/2021.3.19f1/Editor/Data/MonoBleedingEdge/lib/mono/unityjit-win32'
Mono config path = 'C:/Program Files/Unity/Hub/Editor/2021.3.19f1/Editor/Data/MonoBleedingEdge/etc'
Using monoOptions --debugger-agent=transport=dt_socket,embedding=1,server=y,suspend=n,address=127.0.0.1:56320
Begin MonoManager ReloadAssembly
Registering precompiled unity dll's ...
Register platform support module: C:/Program Files/Unity/Hub/Editor/2021.3.19f1/Editor/Data/PlaybackEngines/WindowsStandaloneSupport/UnityEditor.WindowsStandalone.Extensions.dll
Registered in 0.004046 seconds.
Native extension for WindowsStandalone target not found
Refreshing native plugins compatible for Editor in 83.02 ms, found 3 plugins.
Preloading 0 native plugins for Editor in 0.00 ms.
Mono: successfully reloaded assembly
- Completed reload, in  0.553 seconds
Domain Reload Profiling:
	ReloadAssembly (554ms)
		BeginReloadAssembly (54ms)
			ExecutionOrderSort (0ms)
			DisableScriptedObjects (0ms)
			BackupInstance (0ms)
			ReleaseScriptingObjects (0ms)
			CreateAndSetChildDomain (1ms)
		EndReloadAssembly (409ms)
			LoadAssemblies (52ms)
			RebuildTransferFunctionScriptingTraits (0ms)
			SetupTypeCache (90ms)
			ReleaseScriptCaches (0ms)
			RebuildScriptCaches (22ms)
			SetupLoadedEditorAssemblies (256ms)
				LogAssemblyErrors (0ms)
				InitializePlatformSupportModulesInManaged (6ms)
				SetLoadedEditorAssemblies (0ms)
				RefreshPlugins (83ms)
				BeforeProcessingInitializeOnLoad (1ms)
				ProcessInitializeOnLoadAttributes (129ms)
				ProcessInitializeOnLoadMethodAttributes (37ms)
				AfterProcessingInitializeOnLoad (0ms)
				EditorAssembliesLoaded (0ms)
			ExecutionOrderSort2 (0ms)
			AwakeInstancesAfterBackupRestoration (0ms)
Platform modules already initialized, skipping
Registering precompiled user dll's ...
Registered in 0.004874 seconds.
Begin MonoManager ReloadAssembly
Symbol file LoadedFromMemory doesn't match image C:\Users\nito\Documents\GitHub\ADV_Unity_CS\My project\Library\PackageCache\com.unity.visualscripting@1.8.0\Editor\VisualScripting.Core\Dependencies\YamlDotNet\Unity.VisualScripting.YamlDotNet.dll
Symbol file LoadedFromMemory doesn't match image C:\Users\nito\Documents\GitHub\ADV_Unity_CS\My project\Library\PackageCache\com.unity.visualscripting@1.8.0\Editor\VisualScripting.Core\Dependencies\DotNetZip\Unity.VisualScripting.IonicZip.dll
Native extension for WindowsStandalone target not found
Refreshing native plugins compatible for Editor in 83.56 ms, found 3 plugins.
Preloading 0 native plugins for Editor in 0.00 ms.
Mono: successfully reloaded assembly
- Completed reload, in  0.950 seconds
Domain Reload Profiling:
	ReloadAssembly (951ms)
		BeginReloadAssembly (88ms)
			ExecutionOrderSort (0ms)
			DisableScriptedObjects (5ms)
			BackupInstance (0ms)
			ReleaseScriptingObjects (0ms)
			CreateAndSetChildDomain (17ms)
		EndReloadAssembly (763ms)
			LoadAssemblies (61ms)
			RebuildTransferFunctionScriptingTraits (0ms)
			SetupTypeCache (208ms)
			ReleaseScriptCaches (0ms)
			RebuildScriptCaches (45ms)
			SetupLoadedEditorAssemblies (413ms)
				LogAssemblyErrors (0ms)
				InitializePlatformSupportModulesInManaged (3ms)
				SetLoadedEditorAssemblies (0ms)
				RefreshPlugins (84ms)
				BeforeProcessingInitializeOnLoad (77ms)
				ProcessInitializeOnLoadAttributes (182ms)
				ProcessInitializeOnLoadMethodAttributes (64ms)
				AfterProcessingInitializeOnLoad (4ms)
				EditorAssembliesLoaded (0ms)
			ExecutionOrderSort2 (0ms)
			AwakeInstancesAfterBackupRestoration (5ms)
Platform modules already initialized, skipping
========================================================================
Worker process is ready to serve import requests
Launched and connected shader compiler UnityShaderCompiler.exe after 0.03 seconds
Refreshing native plugins compatible for Editor in 0.84 ms, found 3 plugins.
Preloading 0 native plugins for Editor in 0.00 ms.
Unloading 4706 Unused Serialized files (Serialized files now loaded: 0)
Unloading 31 unused Assets / (0.7 MB). Loaded Objects now: 5162.
Memory consumption went from 189.5 MB to 188.7 MB.
Total: 2.912700 ms (FindLiveObjects: 0.373100 ms CreateObjectMapping: 0.163900 ms MarkObjects: 2.131000 ms  DeleteObjects: 0.243300 ms)

AssetImportParameters requested are different than current active one (requested -> active):
  custom:video-decoder-ogg-theora: a1e56fd34408186e4bbccfd4996cb3dc -> 
  custom:container-muxer-webm: aa71ff27fc2769a1b78a27578f13a17b -> 
  custom:container-demuxer-webm: 4f35f7cbe854078d1ac9338744f61a02 -> 
  custom:video-encoder-webm-vp8: eb34c28f22e8b96e1ab97ce403110664 -> 
  custom:audio-encoder-webm-vorbis: bf7c407c2cedff20999df2af8eb42d56 -> 
  custom:framework-win-MediaFoundation: 216162199b28c13a410421893ffa2e32 -> 
  custom:SearchIndexIgnoredProperties: e643bd26f0fe6173181afceb89e7c659 -> 
  custom:container-demuxer-ogg: 62fdf1f143b41e24485cea50d1cbac27 -> 
  custom:video-decoder-webm-vp8: 9c59270c3fd7afecdb556c50c9e8de78 -> 
  custom:audio-decoder-ogg-vorbis: bf7c407c2cedff20999df2af8eb42d56 -> 
========================================================================
Received Import Request.
  Time since last request: 4346.098788 seconds.
  path: Assets/chest/source/model/Materials/M_Chest_Reinforcment_roughness.mat
  artifactKey: Guid(1ff2c12f33d70324abb5ace5891ae558) Importer(2089858483,0ecaa5967403d082aa24f35e1b516d23)
Start importing Assets/chest/source/model/Materials/M_Chest_Reinforcment_roughness.mat using Guid(1ff2c12f33d70324abb5ace5891ae558) Importer(2089858483,0ecaa5967403d082aa24f35e1b516d23) Generated GUIDs only implemented for interfaces!
 -> (artifact id: '262b5c65d9b720c8c0b16092efa41865') in 0.144716 seconds 
========================================================================
Received Import Request.
  Time since last request: 60.162943 seconds.
  path: Assets/chest/source/model/Materials/M_Chest_Reinforcment_albedo.mat
  artifactKey: Guid(092a81ff2429ad94284ac97d81c15851) Importer(2089858483,0ecaa5967403d082aa24f35e1b516d23)
Start importing Assets/chest/source/model/Materials/M_Chest_Reinforcment_albedo.mat using Guid(092a81ff2429ad94284ac97d81c15851) Importer(2089858483,0ecaa5967403d082aa24f35e1b516d23) Generated GUIDs only implemented for interfaces!
 -> (artifact id: '6e60f363131af7a01de13e8730f96ebc') in 0.011305 seconds 
========================================================================
Received Import Request.
  Time since last request: 0.000029 seconds.
  path: Assets/chest/source/model/Materials/M_Chest_Reinforcment_roughness.mat
  artifactKey: Guid(1ff2c12f33d70324abb5ace5891ae558) Importer(2089858483,0ecaa5967403d082aa24f35e1b516d23)
Start importing Assets/chest/source/model/Materials/M_Chest_Reinforcment_roughness.mat using Guid(1ff2c12f33d70324abb5ace5891ae558) Importer(2089858483,0ecaa5967403d082aa24f35e1b516d23) Generated GUIDs only implemented for interfaces!
 -> (artifact id: 'c737413a3e5cfd77e450971656c605a3') in 0.016458 seconds 
========================================================================
Received Import Request.
  Time since last request: 23.780283 seconds.
  path: Assets/chest/source/model/Materials/M_Chest_Wood_roughness.mat
  artifactKey: Guid(b86b76fb62a60974cadc6f7720d5942c) Importer(2089858483,0ecaa5967403d082aa24f35e1b516d23)
Start importing Assets/chest/source/model/Materials/M_Chest_Wood_roughness.mat using Guid(b86b76fb62a60974cadc6f7720d5942c) Importer(2089858483,0ecaa5967403d082aa24f35e1b516d23) Generated GUIDs only implemented for interfaces!
 -> (artifact id: 'adefa359eea96522d5905b3ddbff3a20') in 0.008387 seconds 
========================================================================
Received Import Request.
  Time since last request: 121.348782 seconds.
  path: Assets/chest/source/model/Materials/M_Chest_Wood_albedo.mat
  artifactKey: Guid(c791bd77d038c7147a682d2e24919547) Importer(2089858483,0ecaa5967403d082aa24f35e1b516d23)
Start importing Assets/chest/source/model/Materials/M_Chest_Wood_albedo.mat using Guid(c791bd77d038c7147a682d2e24919547) Importer(2089858483,0ecaa5967403d082aa24f35e1b516d23) Generated GUIDs only implemented for interfaces!
 -> (artifact id: 'cbd5237c8c7a85e051ba42dc6ac76899') in 0.013612 seconds 
========================================================================
Received Import Request.
  Time since last request: 0.000029 seconds.
  path: Assets/Scenes/SampleScene.unity
  artifactKey: Guid(99c9720ab356a0642a771bea13969a05) Importer(2089858483,0ecaa5967403d082aa24f35e1b516d23)
Start importing Assets/Scenes/SampleScene.unity using Guid(99c9720ab356a0642a771bea13969a05) Importer(2089858483,0ecaa5967403d082aa24f35e1b516d23) Generated GUIDs only implemented for interfaces!
 -> (artifact id: '2061c644945fc3d51a043d19c3f7c55f') in 0.006535 seconds 
========================================================================
Received Import Request.
  Time since last request: 8.506889 seconds.
  path: Assets/chest/source/model/textures/M_Chest_Reinforcment_normal.png
  artifactKey: Guid(158b52d9928864e44bca47872fbc1999) Importer(2089858483,0ecaa5967403d082aa24f35e1b516d23)
Start importing Assets/chest/source/model/textures/M_Chest_Reinforcment_normal.png using Guid(158b52d9928864e44bca47872fbc1999) Importer(2089858483,0ecaa5967403d082aa24f35e1b516d23) Generated GUIDs only implemented for interfaces!
 -> (artifact id: '77b54e1f69de8c0eb213c5b486ce2669') in 0.035466 seconds 
========================================================================
Received Import Request.
  Time since last request: 19.478015 seconds.
  path: Assets/Scenes/SampleScene.unity
  artifactKey: Guid(99c9720ab356a0642a771bea13969a05) Importer(815301076,1909f56bfc062723c751e8b465ee728b)
Start importing Assets/Scenes/SampleScene.unity using Guid(99c9720ab356a0642a771bea13969a05) Importer(815301076,1909f56bfc062723c751e8b465ee728b)  -> (artifact id: '92202690a8f6c9b4bb6e7ffff7399b48') in 0.004958 seconds 
========================================================================
Received Import Request.
  Time since last request: 8.149006 seconds.
  path: Assets/Scenes/First Practice.unity
  artifactKey: Guid(99c9720ab356a0642a771bea13969a05) Importer(2089858483,0ecaa5967403d082aa24f35e1b516d23)
Start importing Assets/Scenes/First Practice.unity using Guid(99c9720ab356a0642a771bea13969a05) Importer(2089858483,0ecaa5967403d082aa24f35e1b516d23) Generated GUIDs only implemented for interfaces!
 -> (artifact id: '3d903c1933f6c38dbe94853900871c47') in 0.006561 seconds 
========================================================================
Received Import Request.
  Time since last request: 0.002087 seconds.
  path: Assets/Scenes/First Practice.unity
  artifactKey: Guid(99c9720ab356a0642a771bea13969a05) Importer(815301076,1909f56bfc062723c751e8b465ee728b)
Start importing Assets/Scenes/First Practice.unity using Guid(99c9720ab356a0642a771bea13969a05) Importer(815301076,1909f56bfc062723c751e8b465ee728b)  -> (artifact id: '16c603e57e89d3fdb5355b70beddcfb6') in 0.004517 seconds 
========================================================================
Received Import Request.
  Time since last request: 304.548575 seconds.
  path: Assets/Scenes/First Practice.unity
  artifactKey: Guid(99c9720ab356a0642a771bea13969a05) Importer(2089858483,0ecaa5967403d082aa24f35e1b516d23)
Start importing Assets/Scenes/First Practice.unity using Guid(99c9720ab356a0642a771bea13969a05) Importer(2089858483,0ecaa5967403d082aa24f35e1b516d23) Generated GUIDs only implemented for interfaces!
 -> (artifact id: 'f7bebbbddcbe4a3b85ea66ad7977a4c8') in 0.005502 seconds 
========================================================================
Received Import Request.
  Time since last request: 614.785920 seconds.
  path: Assets/chest/Chest Variant.prefab
  artifactKey: Guid(e722333a9fdef7646a103649468c6514) Importer(815301076,1909f56bfc062723c751e8b465ee728b)
Start importing Assets/chest/Chest Variant.prefab using Guid(e722333a9fdef7646a103649468c6514) Importer(815301076,1909f56bfc062723c751e8b465ee728b)  -> (artifact id: '04184eacf9a0069e819431affc0560b9') in 1.642236 seconds 
========================================================================
Received Import Request.
  Time since last request: 277.542536 seconds.
  path: Assets/chest/Chest Variant.prefab
  artifactKey: Guid(e722333a9fdef7646a103649468c6514) Importer(2089858483,0ecaa5967403d082aa24f35e1b516d23)
Start importing Assets/chest/Chest Variant.prefab using Guid(e722333a9fdef7646a103649468c6514) Importer(2089858483,0ecaa5967403d082aa24f35e1b516d23) Generated GUIDs only implemented for interfaces!
 -> (artifact id: '3ade4e98d05f53b28e947a141c9c029b') in 0.011809 seconds 
========================================================================
Received Import Request.
  Time since last request: 72.619546 seconds.
  path: Assets/chest/animationchest.anim
  artifactKey: Guid(c28785cbaeceafd4188cd3e099c31433) Importer(2089858483,0ecaa5967403d082aa24f35e1b516d23)
Start importing Assets/chest/animationchest.anim using Guid(c28785cbaeceafd4188cd3e099c31433) Importer(2089858483,0ecaa5967403d082aa24f35e1b516d23) Generated GUIDs only implemented for interfaces!
 -> (artifact id: '59e0f73a643036441431738de9030745') in 0.012909 seconds 
========================================================================
Received Import Request.
  Time since last request: 210.509171 seconds.
  path: Assets/chest/Chest.controller
  artifactKey: Guid(9744e895bf216844184199ef6165d22f) Importer(2089858483,0ecaa5967403d082aa24f35e1b516d23)
Start importing Assets/chest/Chest.controller using Guid(9744e895bf216844184199ef6165d22f) Importer(2089858483,0ecaa5967403d082aa24f35e1b516d23) Generated GUIDs only implemented for interfaces!
 -> (artifact id: 'cd567d5f6af9650a39c38d5e9ada147d') in 0.007471 seconds 
========================================================================
Received Import Request.
  Time since last request: 118.143051 seconds.
  path: Assets/chest/animationchest.anim
  artifactKey: Guid(c28785cbaeceafd4188cd3e099c31433) Importer(2089858483,0ecaa5967403d082aa24f35e1b516d23)
Start importing Assets/chest/animationchest.anim using Guid(c28785cbaeceafd4188cd3e099c31433) Importer(2089858483,0ecaa5967403d082aa24f35e1b516d23) Generated GUIDs only implemented for interfaces!
 -> (artifact id: 'e29b41dc1dfd002433757548adfe1dcd') in 0.008719 seconds 
========================================================================
Received Import Request.
  Time since last request: 112.335012 seconds.
  path: Assets/chest/minianimationchest.anim
  artifactKey: Guid(4886abcc69345a04ca2d61fc122ee38c) Importer(2089858483,0ecaa5967403d082aa24f35e1b516d23)
Start importing Assets/chest/minianimationchest.anim using Guid(4886abcc69345a04ca2d61fc122ee38c) Importer(2089858483,0ecaa5967403d082aa24f35e1b516d23) Generated GUIDs only implemented for interfaces!
 -> (artifact id: 'c400564a589f99e3ac028d30d9ba86c0') in 0.008185 seconds 
========================================================================
Received Import Request.
  Time since last request: 161.557677 seconds.
  path: Assets/chest/Chest (1).controller
  artifactKey: Guid(7d736dbc1260cb943bc668b28bedc27f) Importer(2089858483,0ecaa5967403d082aa24f35e1b516d23)
Start importing Assets/chest/Chest (1).controller using Guid(7d736dbc1260cb943bc668b28bedc27f) Importer(2089858483,0ecaa5967403d082aa24f35e1b516d23) Generated GUIDs only implemented for interfaces!
 -> (artifact id: '96f2a2a511b9fb3816f32271bb21d84f') in 0.007065 seconds 
========================================================================
Received Import Request.
  Time since last request: 141.016872 seconds.
  path: Assets/chest/animationchest.anim
  artifactKey: Guid(c28785cbaeceafd4188cd3e099c31433) Importer(815301076,1909f56bfc062723c751e8b465ee728b)
Start importing Assets/chest/animationchest.anim using Guid(c28785cbaeceafd4188cd3e099c31433) Importer(815301076,1909f56bfc062723c751e8b465ee728b)  -> (artifact id: 'a03caad7d4e7880032791d9e6385850b') in 0.007503 seconds 
========================================================================
Received Import Request.
  Time since last request: 8.877917 seconds.
  path: Assets/chest/Chest (1).controller
  artifactKey: Guid(7d736dbc1260cb943bc668b28bedc27f) Importer(815301076,1909f56bfc062723c751e8b465ee728b)
Start importing Assets/chest/Chest (1).controller using Guid(7d736dbc1260cb943bc668b28bedc27f) Importer(815301076,1909f56bfc062723c751e8b465ee728b)  -> (artifact id: 'dede3c07b900db46703875ac1bc3e77e') in 0.005930 seconds 
========================================================================
Received Import Request.
  Time since last request: 522.917612 seconds.
  path: Assets/chest/Chest (1).controller
  artifactKey: Guid(7d736dbc1260cb943bc668b28bedc27f) Importer(2089858483,0ecaa5967403d082aa24f35e1b516d23)
Start importing Assets/chest/Chest (1).controller using Guid(7d736dbc1260cb943bc668b28bedc27f) Importer(2089858483,0ecaa5967403d082aa24f35e1b516d23) Generated GUIDs only implemented for interfaces!
 -> (artifact id: 'd7cd1947bd48e587339252308c5cd77b') in 0.008424 seconds 
========================================================================
Received Import Request.
  Time since last request: 0.000049 seconds.
  path: Assets/Scenes/First Practice.unity
  artifactKey: Guid(99c9720ab356a0642a771bea13969a05) Importer(2089858483,0ecaa5967403d082aa24f35e1b516d23)
Start importing Assets/Scenes/First Practice.unity using Guid(99c9720ab356a0642a771bea13969a05) Importer(2089858483,0ecaa5967403d082aa24f35e1b516d23) Generated GUIDs only implemented for interfaces!
 -> (artifact id: 'a1e241f451517bf1e52c026c634da871') in 0.006532 seconds 
========================================================================
Received Import Request.
  Time since last request: 229.351949 seconds.
  path: Assets/chest/sss.anim
  artifactKey: Guid(fce39d8b9b05de141b31c5a20a9decc7) Importer(2089858483,0ecaa5967403d082aa24f35e1b516d23)
Start importing Assets/chest/sss.anim using Guid(fce39d8b9b05de141b31c5a20a9decc7) Importer(2089858483,0ecaa5967403d082aa24f35e1b516d23) Generated GUIDs only implemented for interfaces!
 -> (artifact id: 'dc79b4bd0154ffe3ad63b32cfb6444af') in 0.016897 seconds 
========================================================================
Received Import Request.
  Time since last request: 116.880617 seconds.
  path: Assets/chest/Chest 1.controller
  artifactKey: Guid(1cb6ef21b548cda418ed1a7fc0c81605) Importer(815301076,1909f56bfc062723c751e8b465ee728b)
Start importing Assets/chest/Chest 1.controller using Guid(1cb6ef21b548cda418ed1a7fc0c81605) Importer(815301076,1909f56bfc062723c751e8b465ee728b)  -> (artifact id: 'c1f00bb2679cf3b6363f21ace0aebb3d') in 0.005824 seconds 
========================================================================
Received Import Request.
  Time since last request: 376.564060 seconds.
  path: Assets/chest/Chest 1.controller
  artifactKey: Guid(1cb6ef21b548cda418ed1a7fc0c81605) Importer(2089858483,0ecaa5967403d082aa24f35e1b516d23)
Start importing Assets/chest/Chest 1.controller using Guid(1cb6ef21b548cda418ed1a7fc0c81605) Importer(2089858483,0ecaa5967403d082aa24f35e1b516d23) Generated GUIDs only implemented for interfaces!
 -> (artifact id: '45f035b68b6c10f218d693211a580a96') in 0.008834 seconds 
========================================================================
Received Import Request.
  Time since last request: 0.000035 seconds.
  path: Assets/Scenes/First Practice.unity
  artifactKey: Guid(99c9720ab356a0642a771bea13969a05) Importer(2089858483,0ecaa5967403d082aa24f35e1b516d23)
Start importing Assets/Scenes/First Practice.unity using Guid(99c9720ab356a0642a771bea13969a05) Importer(2089858483,0ecaa5967403d082aa24f35e1b516d23) Generated GUIDs only implemented for interfaces!
 -> (artifact id: '73933a1b81e91fd42343eee6a4cdd4a5') in 0.006557 seconds 
